[    0.000000] Linux version 4.15.0-101-generic (buildd@lgw01-amd64-003) (gcc version 7.5.0 (Ubuntu 7.5.0-3ubuntu1~18.04)) #102-Ubuntu SMP Mon May 11 10:07:26 UTC 2020 (Ubuntu 4.15.0-101.102-generic 4.15.18)
[    0.000000] Command line: BOOT_IMAGE=/boot/vmlinuz-4.15.0-101-generic root=LABEL=cloudimg-rootfs ro console=tty1 console=ttyS0
[    0.000000] KERNEL supported cpus:
[    0.000000]   Intel GenuineIntel
[    0.000000]   AMD AuthenticAMD
[    0.000000]   Centaur CentaurHauls
[    0.000000] x86/fpu: Supporting XSAVE feature 0x001: 'x87 floating point registers'
[    0.000000] x86/fpu: Supporting XSAVE feature 0x002: 'SSE registers'
[    0.000000] x86/fpu: Supporting XSAVE feature 0x004: 'AVX registers'
[    0.000000] x86/fpu: xstate_offset[2]:  576, xstate_sizes[2]:  256
[    0.000000] x86/fpu: Enabled xstate features 0x7, context size is 832 bytes, using 'standard' format.
[    0.000000] e820: BIOS-provided physical RAM map:
[    0.000000] BIOS-e820: [mem 0x0000000000000000-0x000000000009fbff] usable
[    0.000000] BIOS-e820: [mem 0x000000000009fc00-0x000000000009ffff] reserved
[    0.000000] BIOS-e820: [mem 0x00000000000f0000-0x00000000000fffff] reserved
[    0.000000] BIOS-e820: [mem 0x0000000000100000-0x000000003ffeffff] usable
[    0.000000] BIOS-e820: [mem 0x000000003fff0000-0x000000003fffffff] ACPI data
[    0.000000] BIOS-e820: [mem 0x00000000fec00000-0x00000000fec00fff] reserved
[    0.000000] BIOS-e820: [mem 0x00000000fee00000-0x00000000fee00fff] reserved
[    0.000000] BIOS-e820: [mem 0x00000000fffc0000-0x00000000ffffffff] reserved
[    0.000000] NX (Execute Disable) protection: active
[    0.000000] SMBIOS 2.5 present.
[    0.000000] DMI: innotek GmbH VirtualBox/VirtualBox, BIOS VirtualBox 12/01/2006
[    0.000000] Hypervisor detected: KVM
[    0.000000] e820: last_pfn = 0x3fff0 max_arch_pfn = 0x400000000
[    0.000000] MTRR: Disabled
[    0.000000] x86/PAT: MTRRs disabled, skipping PAT initialization too.
[    0.000000] CPU MTRRs all blank - virtualized system.
[    0.000000] x86/PAT: Configuration [0-7]: WB  WT  UC- UC  WB  WT  UC- UC  
[    0.000000] found SMP MP-table at [mem 0x0009fff0-0x0009ffff]
[    0.000000] Scanning 1 areas for low memory corruption
[    0.000000] RAMDISK: [mem 0x35a6d000-0x36d2dfff]
[    0.000000] ACPI: Early table checksum verification disabled
[    0.000000] ACPI: RSDP 0x00000000000E0000 000024 (v02 VBOX  )
[    0.000000] ACPI: XSDT 0x000000003FFF0030 00003C (v01 VBOX   VBOXXSDT 00000001 ASL  00000061)
[    0.000000] ACPI: FACP 0x000000003FFF00F0 0000F4 (v04 VBOX   VBOXFACP 00000001 ASL  00000061)
[    0.000000] ACPI: DSDT 0x000000003FFF0470 002325 (v02 VBOX   VBOXBIOS 00000002 INTL 20100528)
[    0.000000] ACPI: FACS 0x000000003FFF0200 000040
[    0.000000] ACPI: FACS 0x000000003FFF0200 000040
[    0.000000] ACPI: APIC 0x000000003FFF0240 00005C (v02 VBOX   VBOXAPIC 00000001 ASL  00000061)
[    0.000000] ACPI: SSDT 0x000000003FFF02A0 0001CC (v01 VBOX   VBOXCPUT 00000002 INTL 20100528)
[    0.000000] No NUMA configuration found
[    0.000000] Faking a node at [mem 0x0000000000000000-0x000000003ffeffff]
[    0.000000] NODE_DATA(0) allocated [mem 0x3ffc5000-0x3ffeffff]
[    0.000000] kvm-clock: cpu 0, msr 0:3ff44001, primary cpu clock
[    0.000000] kvm-clock: Using msrs 4b564d01 and 4b564d00
[    0.000000] kvm-clock: using sched offset of 9540812765 cycles
[    0.000000] clocksource: kvm-clock: mask: 0xffffffffffffffff max_cycles: 0x1cd42e4dffb, max_idle_ns: 881590591483 ns
[    0.000000] Zone ranges:
[    0.000000]   DMA      [mem 0x0000000000001000-0x0000000000ffffff]
[    0.000000]   DMA32    [mem 0x0000000001000000-0x000000003ffeffff]
[    0.000000]   Normal   empty
[    0.000000]   Device   empty
[    0.000000] Movable zone start for each node
[    0.000000] Early memory node ranges
[    0.000000]   node   0: [mem 0x0000000000001000-0x000000000009efff]
[    0.000000]   node   0: [mem 0x0000000000100000-0x000000003ffeffff]
[    0.000000] Reserved but unavailable: 98 pages
[    0.000000] Initmem setup node 0 [mem 0x0000000000001000-0x000000003ffeffff]
[    0.000000] ACPI: PM-Timer IO Port: 0x4008
[    0.000000] IOAPIC[0]: apic_id 2, version 32, address 0xfec00000, GSI 0-23
[    0.000000] ACPI: INT_SRC_OVR (bus 0 bus_irq 0 global_irq 2 dfl dfl)
[    0.000000] ACPI: INT_SRC_OVR (bus 0 bus_irq 9 global_irq 9 low level)
[    0.000000] Using ACPI (MADT) for SMP configuration information
[    0.000000] smpboot: Allowing 2 CPUs, 0 hotplug CPUs
[    0.000000] PM: Registered nosave memory: [mem 0x00000000-0x00000fff]
[    0.000000] PM: Registered nosave memory: [mem 0x0009f000-0x0009ffff]
[    0.000000] PM: Registered nosave memory: [mem 0x000a0000-0x000effff]
[    0.000000] PM: Registered nosave memory: [mem 0x000f0000-0x000fffff]
[    0.000000] e820: [mem 0x40000000-0xfebfffff] available for PCI devices
[    0.000000] Booting paravirtualized kernel on KVM
[    0.000000] clocksource: refined-jiffies: mask: 0xffffffff max_cycles: 0xffffffff, max_idle_ns: 7645519600211568 ns
[    0.000000] random: get_random_bytes called from start_kernel+0x99/0x4fd with crng_init=0
[    0.000000] setup_percpu: NR_CPUS:8192 nr_cpumask_bits:2 nr_cpu_ids:2 nr_node_ids:1
[    0.000000] percpu: Embedded 45 pages/cpu s147456 r8192 d28672 u1048576
[    0.000000] PV qspinlock hash table entries: 256 (order: 0, 4096 bytes)
[    0.000000] Built 1 zonelists, mobility grouping on.  Total pages: 257913
[    0.000000] Policy zone: DMA32
[    0.000000] Kernel command line: BOOT_IMAGE=/boot/vmlinuz-4.15.0-101-generic root=LABEL=cloudimg-rootfs ro console=tty1 console=ttyS0
[    0.000000] Memory: 983064K/1048120K available (12300K kernel code, 2481K rwdata, 4268K rodata, 2432K init, 2712K bss, 65056K reserved, 0K cma-reserved)
[    0.000000] SLUB: HWalign=64, Order=0-3, MinObjects=0, CPUs=2, Nodes=1
[    0.000000] Kernel/User page tables isolation: enabled
[    0.000000] ftrace: allocating 39364 entries in 154 pages
[    0.004000] Hierarchical RCU implementation.
[    0.004000] 	RCU restricting CPUs from NR_CPUS=8192 to nr_cpu_ids=2.
[    0.004000] 	Tasks RCU enabled.
[    0.004000] RCU: Adjusting geometry for rcu_fanout_leaf=16, nr_cpu_ids=2
[    0.004000] NR_IRQS: 524544, nr_irqs: 440, preallocated irqs: 16
[    0.004000] Console: colour VGA+ 80x25
[    0.004000] console [tty1] enabled
[    0.004000] console [ttyS0] enabled
[    0.004000] ACPI: Core revision 20170831
[    0.004000] ACPI: 2 ACPI AML tables successfully acquired and loaded
[    0.004000] APIC: Switch to symmetric I/O mode setup
[    0.004000] x2apic enabled
[    0.004014] Switched APIC routing to physical x2apic.
[    0.012000] ..TIMER: vector=0x30 apic1=0 pin1=2 apic2=-1 pin2=-1
[    0.012006] tsc: Detected 1596.306 MHz processor
[    0.016017] Calibrating delay loop (skipped) preset value.. 3192.61 BogoMIPS (lpj=6385224)
[    0.020006] pid_max: default: 32768 minimum: 301
[    0.024129] Security Framework initialized
[    0.028007] Yama: becoming mindful.
[    0.032082] AppArmor: AppArmor initialized
[    0.040203] Dentry cache hash table entries: 131072 (order: 8, 1048576 bytes)
[    0.044204] Inode-cache hash table entries: 65536 (order: 7, 524288 bytes)
[    0.048038] Mount-cache hash table entries: 2048 (order: 2, 16384 bytes)
[    0.052017] Mountpoint-cache hash table entries: 2048 (order: 2, 16384 bytes)
[    0.057007] Last level iTLB entries: 4KB 64, 2MB 8, 4MB 8
[    0.060008] Last level dTLB entries: 4KB 64, 2MB 0, 4MB 0, 1GB 4
[    0.064007] Spectre V1 : Mitigation: usercopy/swapgs barriers and __user pointer sanitization
[    0.068008] Spectre V2 : Mitigation: Full generic retpoline
[    0.072005] Spectre V2 : Spectre v2 / SpectreRSB mitigation: Filling RSB on context switch
[    0.076005] Speculative Store Bypass: Vulnerable
[    0.080088] MDS: Vulnerable: Clear CPU buffers attempted, no microcode
[    0.084764] Freeing SMP alternatives memory: 36K
[    0.199311] smpboot: CPU0: Intel(R) Core(TM) i5-5250U CPU @ 1.60GHz (family: 0x6, model: 0x3d, stepping: 0x4)
[    0.200221] Performance Events: unsupported p6 CPU model 61 no PMU driver, software events only.
[    0.204105] Hierarchical SRCU implementation.
[    0.209465] NMI watchdog: Perf event create on CPU 0 failed with -2
[    0.212010] NMI watchdog: Perf NMI watchdog permanently disabled
[    0.216197] smp: Bringing up secondary CPUs ...
[    0.220407] x86: Booting SMP configuration:
[    0.224010] .... node  #0, CPUs:      #1
[    0.004000] kvm-clock: cpu 1, msr 0:3ff44041, secondary cpu clock
[    0.232037] smp: Brought up 1 node, 2 CPUs
[    0.236011] smpboot: Max logical packages: 1
[    0.239146] smpboot: Total of 2 processors activated (6385.22 BogoMIPS)
[    0.240295] devtmpfs: initialized
[    0.242734] x86/mm: Memory block size: 128MB
[    0.248687] evm: security.selinux
[    0.251918] evm: security.SMACK64
[    0.252008] evm: security.SMACK64EXEC
[    0.256005] evm: security.SMACK64TRANSMUTE
[    0.260007] evm: security.SMACK64MMAP
[    0.264006] evm: security.apparmor
[    0.267015] evm: security.ima
[    0.268007] evm: security.capability
[    0.272504] clocksource: jiffies: mask: 0xffffffff max_cycles: 0xffffffff, max_idle_ns: 7645041785100000 ns
[    0.276027] futex hash table entries: 512 (order: 3, 32768 bytes)
[    0.288028] pinctrl core: initialized pinctrl subsystem
[    0.292437] RTC time:  5:50:29, date: 06/14/20
[    0.296754] NET: Registered protocol family 16
[    0.300572] audit: initializing netlink subsys (disabled)
[    0.304092] audit: type=2000 audit(1592113840.539:1): state=initialized audit_enabled=0 res=1
[    0.312018] cpuidle: using governor ladder
[    0.316023] cpuidle: using governor menu
[    0.320281] ACPI: bus type PCI registered
[    0.324009] acpiphp: ACPI Hot Plug PCI Controller Driver version: 0.5
[    0.328423] PCI: Using configuration type 1 for base access
[    0.340454] HugeTLB registered 2.00 MiB page size, pre-allocated 0 pages
[    0.348350] ACPI: Added _OSI(Module Device)
[    0.352027] ACPI: Added _OSI(Processor Device)
[    0.356008] ACPI: Added _OSI(3.0 _SCP Extensions)
[    0.360011] ACPI: Added _OSI(Processor Aggregator Device)
[    0.364013] ACPI: Added _OSI(Linux-Dell-Video)
[    0.368015] ACPI: Added _OSI(Linux-Lenovo-NV-HDMI-Audio)
[    0.372014] ACPI: Added _OSI(Linux-HPI-Hybrid-Graphics)
[    0.381277] ACPI: Executed 1 blocks of module-level executable AML code
[    0.418013] ACPI: Interpreter enabled
[    0.420077] ACPI: (supports S0 S5)
[    0.424010] ACPI: Using IOAPIC for interrupt routing
[    0.429958] PCI: Using host bridge windows from ACPI; if necessary, use "pci=nocrs" and report a bug
[    0.433118] ACPI: Enabled 2 GPEs in block 00 to 07
[    0.500487] ACPI: PCI Root Bridge [PCI0] (domain 0000 [bus 00-ff])
[    0.504026] acpi PNP0A03:00: _OSC: OS supports [ASPM ClockPM Segments MSI]
[    0.515229] acpi PNP0A03:00: _OSC: not requesting OS control; OS requires [ExtendedConfig ASPM ClockPM MSI]
[    0.516067] acpi PNP0A03:00: fail to add MMCONFIG information, can't access extended PCI configuration space under this bridge.
[    0.522207] PCI host bridge to bus 0000:00
[    0.524013] pci_bus 0000:00: root bus resource [io  0x0000-0x0cf7 window]
[    0.528013] pci_bus 0000:00: root bus resource [io  0x0d00-0xffff window]
[    0.532047] pci_bus 0000:00: root bus resource [mem 0x000a0000-0x000bffff window]
[    0.536015] pci_bus 0000:00: root bus resource [mem 0x40000000-0xfdffffff window]
[    0.540015] pci_bus 0000:00: root bus resource [bus 00-ff]
[    0.554877] pci 0000:00:01.1: legacy IDE quirk: reg 0x10: [io  0x01f0-0x01f7]
[    0.556011] pci 0000:00:01.1: legacy IDE quirk: reg 0x14: [io  0x03f6]
[    0.560011] pci 0000:00:01.1: legacy IDE quirk: reg 0x18: [io  0x0170-0x0177]
[    0.564012] pci 0000:00:01.1: legacy IDE quirk: reg 0x1c: [io  0x0376]
[    0.609495] pci 0000:00:07.0: quirk: [io  0x4000-0x403f] claimed by PIIX4 ACPI
[    0.612054] pci 0000:00:07.0: quirk: [io  0x4100-0x410f] claimed by PIIX4 SMB
[    0.639383] ACPI: PCI Interrupt Link [LNKA] (IRQs 5 9 10 *11)
[    0.644494] ACPI: PCI Interrupt Link [LNKB] (IRQs 5 9 *10 11)
[    0.648762] ACPI: PCI Interrupt Link [LNKC] (IRQs 5 *9 10 11)
[    0.652651] ACPI: PCI Interrupt Link [LNKD] (IRQs 5 9 10 *11)
[    0.661203] SCSI subsystem initialized
[    0.664058] pci 0000:00:02.0: vgaarb: setting as boot VGA device
[    0.667812] pci 0000:00:02.0: vgaarb: VGA device added: decodes=io+mem,owns=io+mem,locks=none
[    0.668012] pci 0000:00:02.0: vgaarb: bridge control possible
[    0.672005] vgaarb: loaded
[    0.674686] ACPI: bus type USB registered
[    0.676067] usbcore: registered new interface driver usbfs
[    0.680040] usbcore: registered new interface driver hub
[    0.684072] usbcore: registered new device driver usb
[    0.688177] EDAC MC: Ver: 3.0.0
[    0.692697] PCI: Using ACPI for IRQ routing
[    0.696789] NetLabel: Initializing
[    0.699682] NetLabel:  domain hash size = 128
[    0.700006] NetLabel:  protocols = UNLABELED CIPSOv4 CALIPSO
[    0.704053] NetLabel:  unlabeled traffic allowed by default
[    0.708433] clocksource: Switched to clocksource kvm-clock
[    0.833681] VFS: Disk quotas dquot_6.6.0
[    0.836616] VFS: Dquot-cache hash table entries: 512 (order 0, 4096 bytes)
[    0.841481] AppArmor: AppArmor Filesystem Enabled
[    0.844841] pnp: PnP ACPI init
[    0.852483] pnp: PnP ACPI: found 3 devices
[    0.876814] clocksource: acpi_pm: mask: 0xffffff max_cycles: 0xffffff, max_idle_ns: 2085701024 ns
[    0.883136] NET: Registered protocol family 2
[    0.886756] TCP established hash table entries: 8192 (order: 4, 65536 bytes)
[    0.891622] TCP bind hash table entries: 8192 (order: 5, 131072 bytes)
[    0.900003] TCP: Hash tables configured (established 8192 bind 8192)
[    0.916299] UDP hash table entries: 512 (order: 2, 16384 bytes)
[    0.920157] UDP-Lite hash table entries: 512 (order: 2, 16384 bytes)
[    0.924553] NET: Registered protocol family 1
[    0.927602] pci 0000:00:00.0: Limiting direct PCI/PCI transfers
[    0.931731] pci 0000:00:01.0: Activating ISA DMA hang workarounds
[    0.936118] pci 0000:00:02.0: Video device with shadowed ROM at [mem 0x000c0000-0x000dffff]
[    0.942021] Unpacking initramfs...
[    2.988155] Freeing initrd memory: 19204K
[    2.993413] clocksource: tsc: mask: 0xffffffffffffffff max_cycles: 0x1702836a579, max_idle_ns: 440795265807 ns
[    3.002775] platform rtc_cmos: registered platform RTC device (no PNP device found)
[    3.010289] Scanning for low memory corruption every 60 seconds
[    3.018492] Initialise system trusted keyrings
[    3.022781] Key type blacklist registered
[    3.033294] workingset: timestamp_bits=36 max_order=18 bucket_order=0
[    3.054117] zbud: loaded
[    3.064134] squashfs: version 4.0 (2009/01/31) Phillip Lougher
[    3.070543] fuse init (API version 7.26)
[    3.083286] Key type asymmetric registered
[    3.087335] Asymmetric key parser 'x509' registered
[    3.091961] Block layer SCSI generic (bsg) driver version 0.4 loaded (major 246)
[    3.112397] io scheduler noop registered
[    3.116204] io scheduler deadline registered
[    3.120365] io scheduler cfq registered (default)
[    3.125819] ACPI: AC Adapter [AC] (on-line)
[    3.142005] input: Power Button as /devices/LNXSYSTM:00/LNXPWRBN:00/input/input0
[    3.156092] ACPI: Power Button [PWRF]
[    3.159609] input: Sleep Button as /devices/LNXSYSTM:00/LNXSLPBN:00/input/input1
[    3.166473] ACPI: Sleep Button [SLPF]
[    3.175731] ACPI: Battery Slot [BAT0] (battery present)
[    3.180666] Serial: 8250/16550 driver, 32 ports, IRQ sharing enabled
[    3.214021] 00:02: ttyS0 at I/O 0x3f8 (irq = 4, base_baud = 115200) is a 16550A
[    3.236093] Linux agpgart interface v0.103
[    3.247176] loop: module loaded
[    3.252937] scsi host0: ata_piix
[    3.256645] scsi host1: ata_piix
[    3.260050] ata1: PATA max UDMA/33 cmd 0x1f0 ctl 0x3f6 bmdma 0xd000 irq 14
[    3.266075] ata2: PATA max UDMA/33 cmd 0x170 ctl 0x376 bmdma 0xd008 irq 15
[    3.272456] libphy: Fixed MDIO Bus: probed
[    3.275827] tun: Universal TUN/TAP device driver, 1.6
[    3.280605] PPP generic driver version 2.4.2
[    3.284997] ehci_hcd: USB 2.0 'Enhanced' Host Controller (EHCI) Driver
[    3.290031] ehci-pci: EHCI PCI platform driver
[    3.293702] ehci-platform: EHCI generic platform driver
[    3.297952] ohci_hcd: USB 1.1 'Open' Host Controller (OHCI) Driver
[    3.303503] ohci-pci: OHCI PCI platform driver
[    3.307239] ohci-platform: OHCI generic platform driver
[    3.311493] uhci_hcd: USB Universal Host Controller Interface driver
[    3.316966] i8042: PNP: PS/2 Controller [PNP0303:PS2K,PNP0f03:PS2M] at 0x60,0x64 irq 1,12
[    3.326356] serio: i8042 KBD port at 0x60,0x64 irq 1
[    3.330500] serio: i8042 AUX port at 0x60,0x64 irq 12
[    3.335048] mousedev: PS/2 mouse device common for all mice
[    3.341788] input: AT Translated Set 2 keyboard as /devices/platform/i8042/serio0/input/input2
[    3.348735] rtc_cmos rtc_cmos: rtc core: registered rtc_cmos as rtc0
[    3.354426] rtc_cmos rtc_cmos: alarms up to one day, 114 bytes nvram
[    3.359986] i2c /dev entries driver
[    3.363455] device-mapper: uevent: version 1.0.3
[    3.368012] device-mapper: ioctl: 4.37.0-ioctl (2017-09-20) initialised: dm-devel@redhat.com
[    3.375688] ledtrig-cpu: registered to indicate activity on CPUs
[    3.382592] NET: Registered protocol family 10
[    3.397400] Segment Routing with IPv6
[    3.399980] NET: Registered protocol family 17
[    3.403194] Key type dns_resolver registered
[    3.406517] mce: Using 0 MCE banks
[    3.409161] RAS: Correctable Errors collector initialized.
[    3.412625] sched_clock: Marking stable (3409108151, 0)->(4485968618, -1076860467)
[    3.419095] registered taskstats version 1
[    3.422070] Loading compiled-in X.509 certificates
[    3.431925] Loaded X.509 cert 'Build time autogenerated kernel key: 81757e40860ca54b8a45e323b66799c03c91a344'
[    3.440193] zswap: loaded using pool lzo/zbud
[    3.481335] Key type big_key registered
[    3.483943] Key type trusted registered
[    3.492244] Key type encrypted registered
[    3.495095] AppArmor: AppArmor sha1 policy hashing enabled
[    3.498840] ima: No TPM chip found, activating TPM-bypass! (rc=-19)
[    3.503128] ima: Allocated hash algorithm: sha1
[    3.506383] evm: HMAC attrs: 0x1
[    3.509498]   Magic number: 8:367:820
[    3.512339] rtc_cmos rtc_cmos: setting system clock to 2020-06-14 05:50:33 UTC (1592113833)
[    3.518366] BIOS EDD facility v0.16 2004-Jun-25, 0 devices found
[    3.522404] EDD information not available.
[    3.545413] Freeing unused kernel image memory: 2432K
[    4.005672] Write protecting the kernel read-only data: 20480k
[    4.014001] Freeing unused kernel image memory: 2008K
[    4.019983] Freeing unused kernel image memory: 1876K
[    4.103177] x86/mm: Checked W+X mappings: passed, no W+X pages found.
[    4.108941] x86/mm: Checking user space page tables
[    4.179629] x86/mm: Checked W+X mappings: passed, no W+X pages found.
Loading, please wait...
starting version 237
[    4.497421] e1000: Intel(R) PRO/1000 Network Driver - version 7.3.21-k8-NAPI
[    4.503502] e1000: Copyright (c) 1999-2006 Intel Corporation.
[    4.523180] Fusion MPT base driver 3.04.20
[    4.527912] Copyright (c) 1999-2008 LSI Corporation
[    4.788972] Fusion MPT SPI Host driver 3.04.20
[    4.793445] AVX2 version of gcm_enc/dec engaged.
[    4.797410] AES CTR mode by8 optimization enabled
[    4.871214] input: ImExPS/2 Generic Explorer Mouse as /devices/platform/i8042/serio1/input/input4
[    5.414015] e1000 0000:00:03.0 eth0: (PCI:33MHz:32-bit) 02:14:dc:98:74:16
[    5.421729] e1000 0000:00:03.0 eth0: Intel(R) PRO/1000 Network Connection
[    5.434793] mptbase: ioc0: Initiating bringup
[    5.437954] e1000 0000:00:03.0 enp0s3: renamed from eth0
[    5.966202] ioc0: LSI53C1030 A0: Capabilities={Initiator}
[    8.328594] scsi host2: ioc0: LSI53C1030 A0, FwRev=00000000h, Ports=1, MaxQ=256, IRQ=20
[    9.386927] scsi 2:0:0:0: Direct-Access     VBOX     HARDDISK         1.0  PQ: 0 ANSI: 5
[    9.428673] scsi target2:0:0: Beginning Domain Validation
[    9.437999] scsi target2:0:0: Domain Validation skipping write tests
[    9.443901] scsi target2:0:0: Ending Domain Validation
[    9.449063] scsi target2:0:0: asynchronous
[    9.463488] scsi 2:0:1:0: Direct-Access     VBOX     HARDDISK         1.0  PQ: 0 ANSI: 5
[    9.500053] scsi target2:0:1: Beginning Domain Validation
[    9.505415] random: fast init done
[    9.516561] scsi target2:0:1: Domain Validation skipping write tests
[    9.522460] scsi target2:0:1: Ending Domain Validation
[    9.553911] scsi target2:0:1: asynchronous
[    9.574512] random: systemd-udevd: uninitialized urandom read (16 bytes read)
[    9.581902] sd 2:0:0:0: Attached scsi generic sg0 type 0
[    9.582340] random: systemd-udevd: uninitialized urandom read (16 bytes read)
[    9.592701] sd 2:0:0:0: [sda] 20971520 512-byte logical blocks: (10.7 GB/10.0 GiB)
[    9.617193] sd 2:0:1:0: Attached scsi generic sg1 type 0
[    9.628226] random: systemd-udevd: uninitialized urandom read (16 bytes read)
[    9.643474] sd 2:0:0:0: [sda] Write Protect is off
[    9.648355] sd 2:0:1:0: [sdb] 20480 512-byte logical blocks: (10.5 MB/10.0 MiB)
[    9.654687] sd 2:0:0:0: [sda] Incomplete mode parameter data
[    9.659470] sd 2:0:0:0: [sda] Assuming drive cache: write through
[    9.659562] sd 2:0:1:0: [sdb] Write Protect is off
[    9.668999] sd 2:0:1:0: [sdb] Incomplete mode parameter data
[    9.674303] sd 2:0:1:0: [sdb] Assuming drive cache: write through
[    9.800214]  sda: sda1
[    9.819734] sd 2:0:0:0: [sda] Attached SCSI disk
[    9.833415] sd 2:0:1:0: [sdb] Attached SCSI disk
Begin: Loading essential drivers ... [   13.544199] raid6: sse2x1   gen()   871 MB/s
[   13.592531] raid6: sse2x1   xor()   537 MB/s
[   13.644115] raid6: sse2x2   gen()  1559 MB/s
[   13.696459] raid6: sse2x2   xor()  1127 MB/s
[   13.744305] raid6: sse2x4   gen()  2365 MB/s
[   13.792148] raid6: sse2x4   xor()  1566 MB/s
[   13.840067] raid6: avx2x1   gen()  2239 MB/s
[   13.888081] raid6: avx2x1   xor()  1238 MB/s
[   13.940982] raid6: avx2x2   gen()  3627 MB/s
[   13.992289] raid6: avx2x2   xor()  2187 MB/s
[   14.040310] raid6: avx2x4   gen()  4259 MB/s
[   14.092349] raid6: avx2x4   xor()  2495 MB/s
[   14.095655] raid6: using algorithm avx2x4 gen() 4259 MB/s
[   14.099641] raid6: .... xor() 2495 MB/s, rmw enabled
[   14.103638] raid6: using avx2x2 recovery algorithm
[   14.112728] xor: automatically using best checksumming function   avx       
[   14.123373] async_tx: api initialized (async)
done.
Begin: Running /scripts/init-premount ... done.
Begin: Mounting root file system ... Begin: Running /scripts/local-top ... done.
Begin: Running /scripts/local-premount ... [   14.340104] Btrfs loaded, crc32c=crc32c-intel
Scanning for Btrfs filesystems
done.
Warning: fsck not present, so skipping root file system
[   14.562749] EXT4-fs (sda1): mounted filesystem with ordered data mode. Opts: (null)
done.
Begin: Running /scripts/local-bottom ... done.
Begin: Running /scripts/init-bottom ... done.
[   16.023101] random: crng init done
[   16.026300] random: 7 urandom warning(s) missed due to ratelimiting
[   16.355517] ip_tables: (C) 2000-2006 Netfilter Core Team
[   16.553834] systemd[1]: systemd 237 running in system mode. (+PAM +AUDIT +SELINUX +IMA +APPARMOR +SMACK +SYSVINIT +UTMP +LIBCRYPTSETUP +GCRYPT +GNUTLS +ACL +XZ +LZ4 +SECCOMP +BLKID +ELFUTILS +KMOD -IDN2 +IDN -PCRE2 default-hierarchy=hybrid)
[   16.583241] systemd[1]: Detected virtualization oracle.
[   16.589575] systemd[1]: Detected architecture x86-64.

Welcome to [1mUbuntu 18.04.4 LTS[0m!

[   16.655999] systemd[1]: Set hostname to <ubuntu>.
[   16.747715] systemd[1]: Initializing machine ID from random generator.
[   16.753673] systemd[1]: Installed transient /etc/machine-id file.
[   19.548115] systemd[1]: Reached target Swap.
[[0;32m  OK  [0m] Reached target Swap.
[   19.554646] systemd[1]: Set up automount Arbitrary Executable File Formats File System Automount Point.
[[0;32m  OK  [0m] Set up automount Arbitrary Executab…rmats File System Automount Point.
[   19.568135] systemd[1]: Reached target User and Group Name Lookups.
[[0;32m  OK  [0m] Reached target User and Group Name Lookups.
[   19.576273] systemd[1]: Started Forward Password Requests to Wall Directory Watch.
[[0;32m  OK  [0m] Started Forward Password Requests to Wall Directory Watch.
[[0;32m  OK  [0m] Created slice System Slice.
[[0;32m  OK  [0m] Listening on LVM2 metadata daemon socket.
[[0;32m  OK  [0m] Listening on /dev/initctl Compatibility Named Pipe.
[[0;32m  OK  [0m] Created slice system-serial\x2dgetty.slice.
[[0;32m  OK  [0m] Listening on udev Control Socket.
[[0;32m  OK  [0m] Listening on LVM2 poll daemon socket.
[[0;32m  OK  [0m] Listening on udev Kernel Socket.
[[0;32m  OK  [0m] Listening on Device-mapper event daemon FIFOs.
[[0;32m  OK  [0m] Listening on Network Service Netlink Socket.
[[0;32m  OK  [0m] Listening on Journal Socket.
         Starting Monitoring of LVM2 mirrors…ng dmeventd or progress polling...
         Mounting Kernel Debug File System...
         Starting Remount Root and Kernel File Systems...
         Mounting POSIX Message Queue File System...
         Starting Create list of required st…ce nodes for the current kernel...
         Starting udev Coldplug all Devices...
         Mounting Huge Pages File System...
         Starting Uncomplicated firewall...
[   19.772704] EXT4-fs (sda1): re-mounted. Opts: (null)
[[0;32m  OK  [0m] Listening on Journal Socket (/dev/log).
[[0;32m  OK  [0m] Listening on Syslog Socket.
         Starting Load Kernel Modules...
         Starting Set the console keyboard layout...
[[0;32m  OK  [0m] Created slice User and Session Slice.
[[0;32m  OK  [0m] Reached target Slices.
[[0;32m  OK  [0m] Listening on Journal Audit Socket.
         Starting Journal Service...
[[0;32m  OK  [0m] Reached target System Time Synchronized.
[[0;32m  OK  [0m] Mounted Kernel Debug File System.
[[0;32m  OK  [0m] Started Remount Root and Kernel File Systems.
[[0;32m  OK  [0m] Mounted POSIX Message Queue File System.
[[0;32m  OK  [0m] Started Create list of required sta…vice nodes for the current kernel.
[[0;32m  OK  [0m] Mounted Huge Pages File System.
[[0;32m  OK  [0m] Started Uncomplicated firewall.
         Starting Create Static Device Nodes in /dev...
         Starting Load/Save Random Seed...
[[0;32m  OK  [0m] Started udev Coldplug all Devices.
[[0;32m  OK  [0m] Started Load/Save Random Seed.
[[0;32m  OK  [0m] Started LVM2 metadata daemon.
[[0;32m  OK  [0m] Started Journal Service.
         Starting Flush Journal to Persistent Storage...
[   20.839408] Loading iSCSI transport class v2.0-870.
[   20.902913] systemd-journald[397]: Received request to flush runtime journal from PID 1
[[0;32m  OK  [0m] Started Create Static Device Nodes in /dev.
[   21.221836] iscsi: registered transport (tcp)
         Starting udev Kernel Device Manager...
[[0;32m  OK  [0m] Started Monitoring of LVM2 mirrors,…sing dmeventd or progress polling.
[[0;32m  OK  [0m] Started Flush Journal to Persistent Storage.
[[0;32m  OK  [0m] Started udev Kernel Device Manager.
[[0;32m  OK  [0m] Started Set the console keyboard layout.
[[0;32m  OK  [0m] Started Dispatch Password Requests to Console Directory Watch.
[[0;32m  OK  [0m] Reached target Local Encrypted Volumes.
[[0;32m  OK  [0m] Reached target Local File Systems (Pre).
[[0;32m  OK  [0m] Reached target Local File Systems.
         Starting Set console font and keymap...
         Starting Tell Plymouth To Write Out Runtime Data...
         Starting Create Volatile Files and Directories...
         Starting ebtables ruleset management...
         Starting Commit a transient machine-id on disk...
         Starting AppArmor initialization...
[[0;32m  OK  [0m] Started Set console font and keymap.
[[0;32m  OK  [0m] Started Tell Plymouth To Write Out Runtime Data.
[   22.001993] iscsi: registered transport (iser)
[[0;32m  OK  [0m] Started Load Kernel Modules.
         Starting Apply Kernel Variables...
         Mounting Kernel Configuration File System...
         Mounting FUSE Control File System...
[[0;32m  OK  [0m] Mounted Kernel Configuration File System.
[[0;32m  OK  [0m] Mounted FUSE Control File System.
[[0;32m  OK  [0m] Started Commit a transient machine-id on disk.
[[0;32m  OK  [0m] Started Create Volatile Files and Directories.
         Starting Update UTMP about System Boot/Shutdown...
[[0;32m  OK  [0m] Started Update UTMP about System Boot/Shutdown.
[[0;32m  OK  [0m] Started Apply Kernel Variables.
[[0;32m  OK  [0m] Started ebtables ruleset management.
[[0;32m  OK  [0m] Found device /dev/ttyS0.
[[0;32m  OK  [0m] Listening on Load/Save RF Kill Switch Status /dev/rfkill Watch.
[[0m[0;31m*     [0m] A start job is running for AppArmor initialization (9s / no limit)[K[[0;1;31m*[0m[0;31m*    [0m] A start job is running for AppArmor initialization (9s / no limit)[K[[0;32m  OK  [0m] Started AppArmor initialization.
         Starting Initial cloud-init job (pre-networking)...
[   40.031254] cloud-init[543]: Cloud-init v. 19.4-33-gbb4131a2-0ubuntu1~18.04.1 running 'init-local' at Sun, 14 Jun 2020 05:51:08 +0000. Up 38.04 seconds.
[[0;32m  OK  [0m] Started Initial cloud-init job (pre-networking).
[[0;32m  OK  [0m] Reached target Network (Pre).
         Starting Network Service...
[[0;32m  OK  [0m] Started Network Service.
         Starting Network Name Resolution...
         Starting Wait for Network to be Configured...
[[0;32m  OK  [0m] Started Network Name Resolution.
[[0;32m  OK  [0m] Reached target Host and Network Name Lookups.
[[0;32m  OK  [0m] Reached target Network.
[[0;32m  OK  [0m] Started Wait for Network to be Configured.
         Starting Initial cloud-init job (metadata service crawler)...
[   44.795151] cloud-init[661]: Cloud-init v. 19.4-33-gbb4131a2-0ubuntu1~18.04.1 running 'init' at Sun, 14 Jun 2020 05:51:13 +0000. Up 43.74 seconds.
[   44.802743] cloud-init[661]: ci-info: ++++++++++++++++++++++++++++++++++++++Net device info++++++++++++++++++++++++++++++++++++++
[   44.808464] cloud-init[661]: ci-info: +--------+------+----------------------------+---------------+--------+-------------------+
[   44.814385] cloud-init[661]: ci-info: | Device |  Up  |          Address           |      Mask     | Scope  |     Hw-Address    |
[   44.822111] cloud-init[661]: ci-info: +--------+------+----------------------------+---------------+--------+-------------------+
[   44.829166] cloud-init[661]: ci-info: | enp0s3 | True |         10.0.2.15          | 255.255.255.0 | global | 02:14:dc:98:74:16 |
[   44.836558] cloud-init[661]: ci-info: | enp0s3 | True | fe80::14:dcff:fe98:7416/64 |       .       |  link  | 02:14:dc:98:74:16 |
[   44.843735] cloud-init[661]: ci-info: |   lo   | True |         127.0.0.1          |   255.0.0.0   |  host  |         .         |
[   44.849953] cloud-init[661]: ci-info: |   lo   | True |          ::1/128           |       .       |  host  |         .         |
[   44.856352] cloud-init[661]: ci-info: +--------+------+----------------------------+---------------+--------+-------------------+
[   44.863225] cloud-init[661]: ci-info: ++++++++++++++++++++++++++++Route IPv4 info+++++++++++++++++++++++++++++
[   44.868620] cloud-init[661]: ci-info: +-------+-------------+----------+-----------------+-----------+-------+
[   44.880075] cloud-init[661]: ci-info: | Route | Destination | Gateway  |     Genmask     | Interface | Flags |
[   44.884457] cloud-init[661]: ci-info: +-------+-------------+----------+-----------------+-----------+-------+
[   44.889833] cloud-init[661]: ci-info: |   0   |   0.0.0.0   | 10.0.2.2 |     0.0.0.0     |   enp0s3  |   UG  |
[   44.903199] cloud-init[661]: ci-info: |   1   |   10.0.2.0  | 0.0.0.0  |  255.255.255.0  |   enp0s3  |   U   |
[   44.915883] cloud-init[661]: ci-info: |   2   |   10.0.2.2  | 0.0.0.0  | 255.255.255.255 |   enp0s3  |   UH  |
[   44.922051] cloud-init[661]: ci-info: +-------+-------------+----------+-----------------+-----------+-------+
[   44.931481] cloud-init[661]: ci-info: +++++++++++++++++++Route IPv6 info+++++++++++++++++++
[   44.943019] cloud-init[661]: ci-info: +-------+-------------+---------+-----------+-------+
[   44.953449] cloud-init[661]: ci-info: | Route | Destination | Gateway | Interface | Flags |
[   44.957031] cloud-init[661]: ci-info: +-------+-------------+---------+-----------+-------+
[   44.974689] cloud-init[661]: ci-info: |   1   |  fe80::/64  |    ::   |   enp0s3  |   U   |
[   44.988220] cloud-init[661]: ci-info: |   3   |    local    |    ::   |   enp0s3  |   U   |
[   44.994055] cloud-init[661]: ci-info: |   4   |   ff00::/8  |    ::   |   enp0s3  |   U   |
[   44.998819] cloud-init[661]: ci-info: +-------+-------------+---------+-----------+-------+
[   48.987535] cloud-init[661]: Generating public/private rsa key pair.
[   49.000841] cloud-init[661]: Your identification has been saved in /etc/ssh/ssh_host_rsa_key.
[   49.004862] cloud-init[661]: Your public key has been saved in /etc/ssh/ssh_host_rsa_key.pub.
[   49.019418] cloud-init[661]: The key fingerprint is:
[   49.021472] cloud-init[661]: SHA256:phgjwkk9CVVaRSgcZHMhsMs0fVkBHCDXdkDvFpIuDnQ root@ubuntu-bionic
[   49.028786] cloud-init[661]: The key's randomart image is:
[   49.033219] cloud-init[661]: +---[RSA 2048]----+
[   49.036244] cloud-init[661]: | +=XBXO=.        |
[   49.039316] cloud-init[661]: |  OoB==.         |
[   49.057619] cloud-init[661]: | * Eo=.o         |
[   49.077009] cloud-init[661]: |* = + o .        |
[   49.080300] cloud-init[661]: |.*..o. oS        |
[   49.083260] cloud-init[661]: | .o..+.o         |
[   49.096600] cloud-init[661]: |   .. .          |
[   49.100479] cloud-init[661]: |                 |
[   49.103613] cloud-init[661]: |                 |
[   49.107463] cloud-init[661]: +----[SHA256]-----+
[   49.110857] cloud-init[661]: Generating public/private dsa key pair.
[   49.132643] cloud-init[661]: Your identification has been saved in /etc/ssh/ssh_host_dsa_key.
[   49.138459] cloud-init[661]: Your public key has been saved in /etc/ssh/ssh_host_dsa_key.pub.
[   49.144272] cloud-init[661]: The key fingerprint is:
[   49.147971] cloud-init[661]: SHA256:mrGbJrwmyV6cfZEf2q3iKIVxvU2peyBCY4RMjoRZvu0 root@ubuntu-bionic
[   49.164919] cloud-init[661]: The key's randomart image is:
[   49.168891] cloud-init[661]: +---[DSA 1024]----+
[   49.192774] cloud-init[661]: |.*o.             |
[   49.197170] cloud-init[661]: |++o .            |
[   49.201137] cloud-init[661]: |. o.   .   .     |
[   49.204629] cloud-init[661]: |   o= . ..o      |
[   49.207975] cloud-init[661]: |  .o.=. S=.      |
[   49.211449] cloud-init[661]: |   oooo=+=.o     |
[   49.214904] cloud-init[661]: | . oEo=.ooo .    |
[   49.218449] cloud-init[661]: |  +.= .=o ..     |
[   49.221852] cloud-init[661]: | ..o.=+..o.      |
[   49.241679] cloud-init[661]: +----[SHA256]-----+
[   49.247899] cloud-init[661]: Generating public/private ecdsa key pair.
[   49.258826] cloud-init[661]: [[0;32m  OK  [0m] Started Initial cloud-init job (metadata service crawler).
Your identification has been saved in /etc/ssh/ssh_host_ecdsa_key.
[[0;32m  OK  [0m] Reached target Cloud-config availability.
[[0;32m  OK  [0m] Reached target System Initialization.
[[0;32m  OK  [0m] Listening on Open-iSCSI iscsid Socket.
[[0;32m  OK  [0m] Listening on UUID daemon activation socket.
[[0;32m  OK  [0m] Listening on D-Bus System Message Bus Socket.
[[0;32m  OK  [0m] Started Discard unused blocks once a week.
[   49.268553]          Starting Socket activation for snappy daemon.
cloud-init[661]: Your public key has been saved in /etc/ssh/ssh_host_ecdsa_key.pub.
[   49.312795] cloud-init[661]: The key fingerprint is:
[[0;32m  OK  [0m] Started ACPI Events Check.
[[0;32m  OK  [0m] Reached target Paths.
[[0;32m  OK  [0m] Started Message of the Day.
[   49.316707] cloud-init[661]: SHA256:MJMl5NsJwjo5afCvAgw4pILlC8PuwodYX6DgL6S4KoU root@ubuntu-bionic
         Starting LXD - unix socket.
[   49.378454] [[0;32m  OK  [0m] Listening on ACPID Listen Socket.
[[0;32m  OK  [0m] Started Daily apt download activities.
[[0;32m  OK  [0m] Started Daily apt upgrade and clean activities.cloud-init[661]: The key's randomart image is:
[   49.390507] cloud-init[661]: +---[ECDSA 256]---+
[   49.394183] cloud-init[661]: |     .o .        |
[[0;32m  OK  [0m] Started Daily Cleanup of Temporary Directories.
[[0;32m  OK  [0m] Reached target Timers.
[[0;32m  OK  [0m] Reached target Network is Online.

[   49.452828] cloud-init[661]: | ... . +         |         Starting Availability of block devices...
[[0;32m  OK  [0m] Reached target Remote File Systems (Pre).
[[0;32m  OK  [0m] Reached target Remote File Systems.
[[0;32m  OK  [0m] Listening on Socket activation for snappy daemon.
[[0;32m  OK  [0m] Listening on LXD - unix socket.
[[0;32m  OK  [0m] Reached target Sockets.
[[0;32m  OK  [0m] Reached target Basic System.
[[0;32m  OK  [0m] Started FUSE filesystem for LXC.

[   49.498117] cloud-init[661]: |Bo  o B          |
[   49.502815] cloud-init[661]: |@+.+.. B .       |
[   49.505897] cloud-init[661]: |**Oo .. S        |
[   49.520146] cloud-init[661]: |E*=+  .          |
[   49.526840] cloud-init         Starting System Logging Service...
[661]: |Ooo...           |
[   49.534328] cloud-init[661]: |B= +.            |
[   49.556389] cloud-init[661]: |*o+              |
[   49.560043] cloud-init[661]: +----[SHA256]-----+
[   49.562993] cloud-init[661]: Generating public/private ed25519 key pair.
[   49.566699] cloud-init[661]: Your identification has been saved in /etc/ssh/ssh_host_ed25519_key.
[   49.571207] cloud-init[661]: Your public key has been saved in /etc/ssh/ssh_host_ed25519_key.pub.
[   49.575739] cloud-init[661]: The key fingerprint is:
[   49.591839] cloud-init[661]: SHA256:JE4dpPKxHDaBsDgkAw29hgTQYYzZrD6eKWsEkppFXdc root@ubuntu-bionic
[   49.598104] cloud-init[661]: The key's randomart image is:
[   49.604447] cloud-init[661]: +--[ED25519 256]--+
[   49.608253] cloud-init[661]: |@%++ oo.+.       |
[   49.617063] cloud-init[661]: |==O.o  = .E      |
[   49.619796] cloud-init[661]: |+=... O o        |
[   49.623759] cloud-init[661]: |*.+  B B         |
[   49.627694] cloud-init[661]: |=+    = S        |
[   49.630848] cloud-init[661]: |o+               |
[   49.634292] cloud-init[661]: |o +              |
[   49.639345] cloud-init[661]: |.=               |
[   49.654161] cloud-init[661]: |+.               |
[   49.657167] cloud-init[661]: +----[SHA256]-----+
         Starting Dispatcher daemon for systemd-networkd...
         Starting Permit User Sessions...
         Starting Pollinate to seed the pseudo random number generator...
[[0;32m  OK  [0m] Started Regular background program processing daemon.
         Starting LSB: Record successful boot for GRUB...
[[0;32m  OK  [0m] Started Deferred execution scheduler.
         Starting LXD - container startup/shutdown...
         Starting LSB: automatic crash report generation...
         Starting Virtualbox guest utils...
         Starting Accounts Service...
         Starting Login Service...
[[0;32m  OK  [0m] Started D-Bus System Message Bus.
[[0;32m  OK  [0m] Started Login Service.
[[0;32m  OK  [0m] Started Unattended Upgrades Shutdown.
[[0;32m  OK  [0m] Started irqbalance daemon.
         Starting Snappy daemon...
[[0;32m  OK  [0m] Started System Logging Service.
[[0;32m  OK  [0m] Started Availability of block devices.
[[0;32m  OK  [0m] Started Permit User Sessions.
         Starting Authorization Manager...
         Starting Terminate Plymouth Boot Screen...
         Starting Hold until boot process finishes up...
[[0;32m  OK  [0m] Started Terminate Plymouth Boot Screen.
[[0;32m  OK  [0m] Started Hold until boot process finishes up.
[[0;32m  OK  [0m] Started Serial Getty on ttyS0.
         Starting Set console scheme...
[[0;32m  OK  [0m] Started Set console scheme.
[[0;32m  OK  [0m] Created slice system-getty.slice.
[[0;32m  OK  [0m] Started Getty on tty1.
[[0;32m  OK  [0m] Reached target Login Prompts.
[[0;32m  OK  [0m] Started LSB: automatic crash report generation.
[[0;32m  OK  [0m] Started LSB: Record successful boot for GRUB.
[[0;32m  OK  [0m] Started Authorization Manager.
[[0;32m  OK  [0m] Started Accounts Service.
[[0;32m  OK  [0m] Started Dispatcher daemon for systemd-networkd.
[[0;32m  OK  [0m] Started Virtualbox guest utils.

Ubuntu 18.04.4 LTS ubuntu-bionic ttyS0

ubuntu-bionic login: [   74.026464] cloud-init[1332]: Cloud-init v. 19.4-33-gbb4131a2-0ubuntu1~18.04.1 running 'modules:config' at Sun, 14 Jun 2020 05:51:37 +0000. Up 67.96 seconds.
ci-info: no authorized SSH keys fingerprints found for user ubuntu.
<14>Jun 14 05:51:47 ec2: 
<14>Jun 14 05:51:47 ec2: #############################################################
<14>Jun 14 05:51:47 ec2: -----BEGIN SSH HOST KEY FINGERPRINTS-----
<14>Jun 14 05:51:47 ec2: 1024 SHA256:mrGbJrwmyV6cfZEf2q3iKIVxvU2peyBCY4RMjoRZvu0 root@ubuntu-bionic (DSA)
<14>Jun 14 05:51:47 ec2: 256 SHA256:MJMl5NsJwjo5afCvAgw4pILlC8PuwodYX6DgL6S4KoU root@ubuntu-bionic (ECDSA)
<14>Jun 14 05:51:47 ec2: 256 SHA256:JE4dpPKxHDaBsDgkAw29hgTQYYzZrD6eKWsEkppFXdc root@ubuntu-bionic (ED25519)
<14>Jun 14 05:51:47 ec2: 2048 SHA256:phgjwkk9CVVaRSgcZHMhsMs0fVkBHCDXdkDvFpIuDnQ root@ubuntu-bionic (RSA)
<14>Jun 14 05:51:47 ec2: -----END SSH HOST KEY FINGERPRINTS-----
<14>Jun 14 05:51:47 ec2: #############################################################
-----BEGIN SSH HOST KEY KEYS-----
ecdsa-sha2-nistp256 AAAAE2VjZHNhLXNoYTItbmlzdHAyNTYAAAAIbmlzdHAyNTYAAABBBHKDk015pp+tJJoiBzqphFS4b+NtqqStSHROy89f+Vq9C/nWIONbLspPAoNGLU/7ImqxlTtTfmGT44jjVn4qbpI= root@ubuntu-bionic
ssh-ed25519 AAAAC3NzaC1lZDI1NTE5AAAAIIxLSSUE47gWsc3YBhb7ZuSxdZcEAjqP32v/+WX8UATI root@ubuntu-bionic
ssh-rsa AAAAB3NzaC1yc2EAAAADAQABAAABAQDHhkll45KNuaNVQXW4zjdVqDj+LJQXBUeeey9nbQeZaW6d/HhGxmTai3eHOLGdFPSghr8VswLjCCLCtXeucYH/MWC4Ua2eTrHyp5s7A0s7PDPFVgzQiQF5ACaykZT6Tn66CLttZXV0+ueVyVjQ9SnI8dJw0FEzDighfpFTYv+KEsxlNpn3igjBwUvicQnQuQQTZv0ySQYv+1o8U8btEJSIQbUUnSlvVnNfo4ewcpq+77EaaiaZcAqQiD+lxzAagqkSL7/Q66IXDyEHmH/VH3+yxsDVUGzMBtsEbhaJsu/6RF/M0rEwg0EY3ZzrbZzR6jOkqvKTg7srLpD1sKM6FFnt root@ubuntu-bionic
-----END SSH HOST KEY KEYS-----
[   77.210693] cloud-init[1493]: Cloud-init v. 19.4-33-gbb4131a2-0ubuntu1~18.04.1 running 'modules:final' at Sun, 14 Jun 2020 05:51:46 +0000. Up 76.34 seconds.
[   77.211037] cloud-init[1493]: ci-info: no authorized SSH keys fingerprints found for user ubuntu.
[   77.217980] cloud-init[1493]: Cloud-init v. 19.4-33-gbb4131a2-0ubuntu1~18.04.1 finished at Sun, 14 Jun 2020 05:51:47 +0000. Datasource DataSourceNoCloud [seed=/dev/sdb][dsmode=net].  Up 77.18 seconds
